# JRE version: OpenJDK Runtime Environment (21.0.4) (build 21.0.4+-12508038-b607.1)
# Java VM: OpenJDK 64-Bit Server VM (21.0.4+-12508038-b607.1, mixed mode, tiered, compressed oops, compressed class ptrs, g1 gc, windows-amd64)
GC Precious Log:
 CardTable entry size: 512
 Card Set container configuration: InlinePtr #cards 5 size 8 Array Of Cards #cards 12 size 40 Howl #buckets 4 coarsen threshold 1843 Howl Bitmap #cards 512 size 80 coarsen threshold 460 Card regions per heap region 1 cards per card region 2048
 CPUs: 4 total, 4 available
 Memory: 3968M
 Large Page Support: Disabled
 NUMA Support: Disabled
 Compressed Oops: Enabled (32-bit)
 Heap Region Size: 1M
 Heap Min Capacity: 8M
 Heap Initial Capacity: 64M
 Heap Max Capacity: 2G
 Pre-touch: Disabled
 Parallel Workers: 4
 Concurrent Workers: 1
 Concurrent Refinement Workers: 4
 Periodic GC: Disabled
Heap:
 garbage-first heap   total 358400K, used 238080K [0x0000000080000000, 0x0000000100000000)
  region size 1024K, 9 young (9216K), 9 survivors (9216K)
 Metaspace       used 209683K, committed 211648K, reserved 1245184K
  class space    used 27236K, committed 28224K, reserved 1048576K
GC Heap History (20 events):
Event: 2087.113 GC heap after
{Heap after GC invocations=69 (full 0):
 garbage-first heap   total 249856K, used 170874K [0x0000000080000000, 0x0000000100000000)
  region size 1024K, 6 young (6144K), 6 survivors (6144K)
 Metaspace       used 154134K, committed 155648K, reserved 1245184K
  class space    used 21146K, committed 22016K, reserved 1048576K
}
Event: 2089.252 GC heap before
{Heap before GC invocations=69 (full 0):
 garbage-first heap   total 249856K, used 236410K [0x0000000080000000, 0x0000000100000000)
  region size 1024K, 63 young (64512K), 6 survivors (6144K)
 Metaspace       used 162599K, committed 164032K, reserved 1245184K
  class space    used 22202K, committed 22912K, reserved 1048576K
}
Event: 2089.318 GC heap after
{Heap after GC invocations=70 (full 0):
 garbage-first heap   total 249856K, used 180023K [0x0000000080000000, 0x0000000100000000)
  region size 1024K, 4 young (4096K), 4 survivors (4096K)
 Metaspace       used 162599K, committed 164032K, reserved 1245184K
  class space    used 22202K, committed 22912K, reserved 1048576K
}
Event: 2089.763 GC heap before
{Heap before GC invocations=70 (full 0):
 garbage-first heap   total 249856K, used 232247K [0x0000000080000000, 0x0000000100000000)
  region size 1024K, 55 young (56320K), 4 survivors (4096K)
 Metaspace       used 162742K, committed 164160K, reserved 1245184K
  class space    used 22207K, committed 22912K, reserved 1048576K
}
Event: 2089.874 GC heap after
{Heap after GC invocations=71 (full 0):
 garbage-first heap   total 257024K, used 185856K [0x0000000080000000, 0x0000000100000000)
  region size 1024K, 7 young (7168K), 7 survivors (7168K)
 Metaspace       used 162742K, committed 164160K, reserved 1245184K
  class space    used 22207K, committed 22912K, reserved 1048576K
}
Event: 2090.736 GC heap before
{Heap before GC invocations=71 (full 0):
 garbage-first heap   total 257024K, used 235008K [0x0000000080000000, 0x0000000100000000)
  region size 1024K, 55 young (56320K), 7 survivors (7168K)
 Metaspace       used 164154K, committed 165568K, reserved 1245184K
  class space    used 22389K, committed 23104K, reserved 1048576K
}
Event: 2090.816 GC heap after
{Heap after GC invocations=72 (full 0):
 garbage-first heap   total 309248K, used 197120K [0x0000000080000000, 0x0000000100000000)
  region size 1024K, 7 young (7168K), 7 survivors (7168K)
 Metaspace       used 164154K, committed 165568K, reserved 1245184K
  class space    used 22389K, committed 23104K, reserved 1048576K
}
Event: 2093.571 GC heap before
{Heap before GC invocations=72 (full 0):
 garbage-first heap   total 309248K, used 279040K [0x0000000080000000, 0x0000000100000000)
  region size 1024K, 80 young (81920K), 7 survivors (7168K)
 Metaspace       used 172282K, committed 173696K, reserved 1245184K
  class space    used 23148K, committed 23872K, reserved 1048576K
}
Event: 2093.614 GC heap after
{Heap after GC invocations=73 (full 0):
 garbage-first heap   total 309248K, used 211398K [0x0000000080000000, 0x0000000100000000)
  region size 1024K, 7 young (7168K), 7 survivors (7168K)
 Metaspace       used 172282K, committed 173696K, reserved 1245184K
  class space    used 23148K, committed 23872K, reserved 1048576K
}
Event: 2095.165 GC heap before
{Heap before GC invocations=73 (full 0):
 garbage-first heap   total 309248K, used 280006K [0x0000000080000000, 0x0000000100000000)
  region size 1024K, 74 young (75776K), 7 survivors (7168K)
 Metaspace       used 180632K, committed 182336K, reserved 1245184K
  class space    used 24212K, committed 25088K, reserved 1048576K
}
Event: 2095.187 GC heap after
{Heap after GC invocations=74 (full 0):
 garbage-first heap   total 309248K, used 214641K [0x0000000080000000, 0x0000000100000000)
  region size 1024K, 4 young (4096K), 4 survivors (4096K)
 Metaspace       used 180632K, committed 182336K, reserved 1245184K
  class space    used 24212K, committed 25088K, reserved 1048576K
}
Event: 2098.574 GC heap before
{Heap before GC invocations=75 (full 0):
 garbage-first heap   total 358400K, used 285297K [0x0000000080000000, 0x0000000100000000)
  region size 1024K, 72 young (73728K), 4 survivors (4096K)
 Metaspace       used 184692K, committed 186624K, reserved 1245184K
  class space    used 24704K, committed 25664K, reserved 1048576K
}
Event: 2098.598 GC heap after
{Heap after GC invocations=76 (full 0):
 garbage-first heap   total 358400K, used 219136K [0x0000000080000000, 0x0000000100000000)
  region size 1024K, 8 young (8192K), 8 survivors (8192K)
 Metaspace       used 184692K, committed 186624K, reserved 1245184K
  class space    used 24704K, committed 25664K, reserved 1048576K
}
Event: 2101.505 GC heap before
{Heap before GC invocations=76 (full 0):
 garbage-first heap   total 358400K, used 329728K [0x0000000080000000, 0x0000000100000000)
  region size 1024K, 116 young (118784K), 8 survivors (8192K)
 Metaspace       used 198427K, committed 200192K, reserved 1245184K
  class space    used 26169K, committed 27072K, reserved 1048576K
}
Event: 2101.561 GC heap after
{Heap after GC invocations=77 (full 0):
 garbage-first heap   total 358400K, used 221505K [0x0000000080000000, 0x0000000100000000)
  region size 1024K, 14 young (14336K), 14 survivors (14336K)
 Metaspace       used 198427K, committed 200192K, reserved 1245184K
  class space    used 26169K, committed 27072K, reserved 1048576K
}
Event: 2106.152 GC heap before
{Heap before GC invocations=77 (full 0):
 garbage-first heap   total 358400K, used 325953K [0x0000000080000000, 0x0000000100000000)
  region size 1024K, 115 young (117760K), 14 survivors (14336K)
 Metaspace       used 205884K, committed 207680K, reserved 1245184K
  class space    used 26893K, committed 27776K, reserved 1048576K
}
Event: 2106.440 GC heap after
{Heap after GC invocations=78 (full 0):
 garbage-first heap   total 358400K, used 223168K [0x0000000080000000, 0x0000000100000000)
  region size 1024K, 15 young (15360K), 15 survivors (15360K)
 Metaspace       used 205884K, committed 207680K, reserved 1245184K
  class space    used 26893K, committed 27776K, reserved 1048576K
}
Event: 2108.814 GC heap before
{Heap before GC invocations=78 (full 0):
 garbage-first heap   total 358400K, used 297920K [0x0000000080000000, 0x0000000100000000)
  region size 1024K, 88 young (90112K), 15 survivors (15360K)
 Metaspace       used 206887K, committed 208640K, reserved 1245184K
  class space    used 26954K, committed 27840K, reserved 1048576K
}
Event: 2108.944 GC heap after
{Heap after GC invocations=79 (full 0):
 garbage-first heap   total 358400K, used 229888K [0x0000000080000000, 0x0000000100000000)
  region size 1024K, 9 young (9216K), 9 survivors (9216K)
 Metaspace       used 206887K, committed 208640K, reserved 1245184K
  class space    used 26954K, committed 27840K, reserved 1048576K
}
Event: 2465.412 GC heap before
{Heap before GC invocations=79 (full 0):
 garbage-first heap   total 358400K, used 330239K [0x0000000080000000, 0x0000000100000000)
  region size 1024K, 107 young (109568K), 9 survivors (9216K)
 Metaspace       used 209683K, committed 211648K, reserved 1245184K
  class space    used 27236K, committed 28224K, reserved 1048576K
}

