# JRE version: OpenJDK Runtime Environment (21.0.4) (build 21.0.4+-12508038-b607.1)
# Java VM: OpenJDK 64-Bit Server VM (21.0.4+-12508038-b607.1, mixed mode, tiered, compressed oops, compressed class ptrs, g1 gc, windows-amd64)
GC Precious Log:
 CardTable entry size: 512
 Card Set container configuration: InlinePtr #cards 5 size 8 Array Of Cards #cards 12 size 40 Howl #buckets 4 coarsen threshold 1843 Howl Bitmap #cards 512 size 80 coarsen threshold 460 Card regions per heap region 1 cards per card region 2048
 CPUs: 4 total, 4 available
 Memory: 3968M
 Large Page Support: Disabled
 NUMA Support: Disabled
 Compressed Oops: Enabled (32-bit)
 Heap Region Size: 1M
 Heap Min Capacity: 8M
 Heap Initial Capacity: 64M
 Heap Max Capacity: 2G
 Pre-touch: Disabled
 Parallel Workers: 4
 Concurrent Workers: 1
 Concurrent Refinement Workers: 4
 Periodic GC: Disabled
Heap:
 garbage-first heap   total 417792K, used 269312K [0x0000000080000000, 0x0000000100000000)
  region size 1024K, 10 young (10240K), 10 survivors (10240K)
 Metaspace       used 197237K, committed 200128K, reserved 1245184K
  class space    used 24958K, committed 26432K, reserved 1048576K
GC Heap History (20 events):
Event: 153.631 GC heap after
{Heap after GC invocations=62 (full 0):
 garbage-first heap   total 417792K, used 241609K [0x0000000080000000, 0x0000000100000000)
  region size 1024K, 15 young (15360K), 15 survivors (15360K)
 Metaspace       used 174492K, committed 177216K, reserved 1245184K
  class space    used 22304K, committed 23680K, reserved 1048576K
}
Event: 153.902 GC heap before
{Heap before GC invocations=62 (full 0):
 garbage-first heap   total 417792K, used 253897K [0x0000000080000000, 0x0000000100000000)
  region size 1024K, 27 young (27648K), 15 survivors (15360K)
 Metaspace       used 174492K, committed 177216K, reserved 1245184K
  class space    used 22304K, committed 23680K, reserved 1048576K
}
Event: 153.982 GC heap after
{Heap after GC invocations=63 (full 0):
 garbage-first heap   total 417792K, used 243591K [0x0000000080000000, 0x0000000100000000)
  region size 1024K, 4 young (4096K), 4 survivors (4096K)
 Metaspace       used 174492K, committed 177216K, reserved 1245184K
  class space    used 22304K, committed 23680K, reserved 1048576K
}
Event: 156.572 GC heap before
{Heap before GC invocations=63 (full 0):
 garbage-first heap   total 417792K, used 366471K [0x0000000080000000, 0x0000000100000000)
  region size 1024K, 124 young (126976K), 4 survivors (4096K)
 Metaspace       used 174493K, committed 177216K, reserved 1245184K
  class space    used 22304K, committed 23680K, reserved 1048576K
}
Event: 156.608 GC heap after
{Heap after GC invocations=64 (full 0):
 garbage-first heap   total 417792K, used 241439K [0x0000000080000000, 0x0000000100000000)
  region size 1024K, 7 young (7168K), 7 survivors (7168K)
 Metaspace       used 174493K, committed 177216K, reserved 1245184K
  class space    used 22304K, committed 23680K, reserved 1048576K
}
Event: 162.856 GC heap before
{Heap before GC invocations=64 (full 0):
 garbage-first heap   total 417792K, used 381727K [0x0000000080000000, 0x0000000100000000)
  region size 1024K, 144 young (147456K), 7 survivors (7168K)
 Metaspace       used 174493K, committed 177216K, reserved 1245184K
  class space    used 22304K, committed 23680K, reserved 1048576K
}
Event: 162.950 GC heap after
{Heap after GC invocations=65 (full 0):
 garbage-first heap   total 417792K, used 246559K [0x0000000080000000, 0x0000000100000000)
  region size 1024K, 12 young (12288K), 12 survivors (12288K)
 Metaspace       used 174493K, committed 177216K, reserved 1245184K
  class space    used 22304K, committed 23680K, reserved 1048576K
}
Event: 164.539 GC heap before
{Heap before GC invocations=65 (full 0):
 garbage-first heap   total 417792K, used 383775K [0x0000000080000000, 0x0000000100000000)
  region size 1024K, 146 young (149504K), 12 survivors (12288K)
 Metaspace       used 174493K, committed 177216K, reserved 1245184K
  class space    used 22304K, committed 23680K, reserved 1048576K
}
Event: 164.590 GC heap after
{Heap after GC invocations=66 (full 0):
 garbage-first heap   total 417792K, used 252109K [0x0000000080000000, 0x0000000100000000)
  region size 1024K, 13 young (13312K), 13 survivors (13312K)
 Metaspace       used 174493K, committed 177216K, reserved 1245184K
  class space    used 22304K, committed 23680K, reserved 1048576K
}
Event: 165.823 GC heap before
{Heap before GC invocations=66 (full 0):
 garbage-first heap   total 417792K, used 382157K [0x0000000080000000, 0x0000000100000000)
  region size 1024K, 140 young (143360K), 13 survivors (13312K)
 Metaspace       used 174493K, committed 177216K, reserved 1245184K
  class space    used 22304K, committed 23680K, reserved 1048576K
}
Event: 165.882 GC heap after
{Heap after GC invocations=67 (full 0):
 garbage-first heap   total 417792K, used 256869K [0x0000000080000000, 0x0000000100000000)
  region size 1024K, 12 young (12288K), 12 survivors (12288K)
 Metaspace       used 174493K, committed 177216K, reserved 1245184K
  class space    used 22304K, committed 23680K, reserved 1048576K
}
Event: 175.058 GC heap before
{Heap before GC invocations=68 (full 0):
 garbage-first heap   total 417792K, used 375653K [0x0000000080000000, 0x0000000100000000)
  region size 1024K, 136 young (139264K), 12 survivors (12288K)
 Metaspace       used 185072K, committed 187840K, reserved 1245184K
  class space    used 23646K, committed 25088K, reserved 1048576K
}
Event: 175.144 GC heap after
{Heap after GC invocations=69 (full 0):
 garbage-first heap   total 417792K, used 253440K [0x0000000080000000, 0x0000000100000000)
  region size 1024K, 13 young (13312K), 13 survivors (13312K)
 Metaspace       used 185072K, committed 187840K, reserved 1245184K
  class space    used 23646K, committed 25088K, reserved 1048576K
}
Event: 177.786 GC heap before
{Heap before GC invocations=69 (full 0):
 garbage-first heap   total 417792K, used 373248K [0x0000000080000000, 0x0000000100000000)
  region size 1024K, 126 young (129024K), 13 survivors (13312K)
 Metaspace       used 188940K, committed 191744K, reserved 1245184K
  class space    used 23984K, committed 25408K, reserved 1048576K
}
Event: 177.872 GC heap after
{Heap after GC invocations=70 (full 0):
 garbage-first heap   total 417792K, used 258560K [0x0000000080000000, 0x0000000100000000)
  region size 1024K, 15 young (15360K), 15 survivors (15360K)
 Metaspace       used 188940K, committed 191744K, reserved 1245184K
  class space    used 23984K, committed 25408K, reserved 1048576K
}
Event: 248.513 GC heap before
{Heap before GC invocations=70 (full 0):
 garbage-first heap   total 417792K, used 379392K [0x0000000080000000, 0x0000000100000000)
  region size 1024K, 134 young (137216K), 15 survivors (15360K)
 Metaspace       used 194790K, committed 197632K, reserved 1245184K
  class space    used 24655K, committed 26112K, reserved 1048576K
}
Event: 249.357 GC heap after
{Heap after GC invocations=71 (full 0):
 garbage-first heap   total 417792K, used 260759K [0x0000000080000000, 0x0000000100000000)
  region size 1024K, 16 young (16384K), 16 survivors (16384K)
 Metaspace       used 194790K, committed 197632K, reserved 1245184K
  class space    used 24655K, committed 26112K, reserved 1048576K
}
Event: 249.405 GC heap before
{Heap before GC invocations=71 (full 0):
 garbage-first heap   total 417792K, used 264855K [0x0000000080000000, 0x0000000100000000)
  region size 1024K, 20 young (20480K), 16 survivors (16384K)
 Metaspace       used 194790K, committed 197632K, reserved 1245184K
  class space    used 24655K, committed 26112K, reserved 1048576K
}
Event: 249.521 GC heap after
{Heap after GC invocations=72 (full 0):
 garbage-first heap   total 417792K, used 260608K [0x0000000080000000, 0x0000000100000000)
  region size 1024K, 1 young (1024K), 1 survivors (1024K)
 Metaspace       used 194790K, committed 197632K, reserved 1245184K
  class space    used 24655K, committed 26112K, reserved 1048576K
}
Event: 257.113 GC heap before
{Heap before GC invocations=72 (full 0):
 garbage-first heap   total 417792K, used 355840K [0x0000000080000000, 0x0000000100000000)
  region size 1024K, 95 young (97280K), 1 survivors (1024K)
 Metaspace       used 197237K, committed 200128K, reserved 1245184K
  class space    used 24958K, committed 26432K, reserved 1048576K
}

